2024-02-08 13:36:04,618 7520 INFO ? odoo: Odoo version 16.0-20240207 
2024-02-08 13:36:04,618 7520 INFO ? odoo: Using configuration file at C:\Program Files\odoo16\server\odoo.conf 
2024-02-08 13:36:04,618 7520 INFO ? odoo: addons paths: ['C:\\Program Files\\odoo16\\server\\odoo\\addons', 'c:\\program files\\odoo16\\sessions\\addons\\16.0', 'c:\\program files\\odoo16\\server\\odoo\\addons'] 
2024-02-08 13:36:04,618 7520 INFO ? odoo: database: admin@localhost:5432 
2024-02-08 13:36:06,065 7520 INFO ? odoo.addons.base.models.ir_actions_report: Will use the Wkhtmltopdf binary at C:\Program Files\odoo16\thirdparty\wkhtmltopdf.exe 
2024-02-08 13:36:07,366 7520 WARNING ? py.warnings: C:\Program Files\odoo16\python\lib\site-packages\num2words\lang_AR.py:191: SyntaxWarning: "is not" with a literal. Did you mean "!="?
  File "C:\Program Files\odoo16\server\odoo-bin", line 8, in <module>
    odoo.cli.main()
  File "C:\Program Files\odoo16\server\odoo\cli\command.py", line 66, in main
    o.run(args)
  File "C:\Program Files\odoo16\server\odoo\cli\server.py", line 180, in run
    main(args)
  File "C:\Program Files\odoo16\server\odoo\cli\server.py", line 173, in main
    rc = odoo.service.server.start(preload=preload, stop=stop)
  File "C:\Program Files\odoo16\server\odoo\service\server.py", line 1345, in start
    load_server_wide_modules()
  File "C:\Program Files\odoo16\server\odoo\service\server.py", line 1248, in load_server_wide_modules
    odoo.modules.module.load_openerp_module(m)
  File "C:\Program Files\odoo16\server\odoo\modules\module.py", line 471, in load_openerp_module
    __import__('odoo.addons.' + module_name)
  File "C:\Program Files\odoo16\server\odoo\addons\web\__init__.py", line 4, in <module>
    from . import controllers
  File "C:\Program Files\odoo16\server\odoo\addons\web\controllers\__init__.py", line 5, in <module>
    from . import database
  File "C:\Program Files\odoo16\server\odoo\addons\web\controllers\database.py", line 19, in <module>
    from odoo.addons.base.models.ir_qweb import render as qweb_render
  File "C:\Program Files\odoo16\server\odoo\addons\base\__init__.py", line 5, in <module>
    from . import models
  File "C:\Program Files\odoo16\server\odoo\addons\base\models\__init__.py", line 43, in <module>
    from . import res_currency
  File "C:\Program Files\odoo16\server\odoo\addons\base\models\res_currency.py", line 16, in <module>
    from num2words import num2words
  File "C:\Program Files\odoo16\python\lib\site-packages\num2words\__init__.py", line 20, in <module>
    from . import lang_AR
  File "C:\Program Files\odoo16\python\lib\warnings.py", line 109, in _showwarnmsg
    sw(msg.message, msg.category, msg.filename, msg.lineno,
  File "C:\Program Files\odoo16\server\odoo\netsvc.py", line 287, in showwarning_with_traceback
    for frame in traceback.extract_stack():
 
2024-02-08 13:36:07,367 7520 WARNING ? py.warnings: C:\Program Files\odoo16\python\lib\site-packages\num2words\lang_AR.py:195: SyntaxWarning: "is not" with a literal. Did you mean "!="?
  File "C:\Program Files\odoo16\server\odoo-bin", line 8, in <module>
    odoo.cli.main()
  File "C:\Program Files\odoo16\server\odoo\cli\command.py", line 66, in main
    o.run(args)
  File "C:\Program Files\odoo16\server\odoo\cli\server.py", line 180, in run
    main(args)
  File "C:\Program Files\odoo16\server\odoo\cli\server.py", line 173, in main
    rc = odoo.service.server.start(preload=preload, stop=stop)
  File "C:\Program Files\odoo16\server\odoo\service\server.py", line 1345, in start
    load_server_wide_modules()
  File "C:\Program Files\odoo16\server\odoo\service\server.py", line 1248, in load_server_wide_modules
    odoo.modules.module.load_openerp_module(m)
  File "C:\Program Files\odoo16\server\odoo\modules\module.py", line 471, in load_openerp_module
    __import__('odoo.addons.' + module_name)
  File "C:\Program Files\odoo16\server\odoo\addons\web\__init__.py", line 4, in <module>
    from . import controllers
  File "C:\Program Files\odoo16\server\odoo\addons\web\controllers\__init__.py", line 5, in <module>
    from . import database
  File "C:\Program Files\odoo16\server\odoo\addons\web\controllers\database.py", line 19, in <module>
    from odoo.addons.base.models.ir_qweb import render as qweb_render
  File "C:\Program Files\odoo16\server\odoo\addons\base\__init__.py", line 5, in <module>
    from . import models
  File "C:\Program Files\odoo16\server\odoo\addons\base\models\__init__.py", line 43, in <module>
    from . import res_currency
  File "C:\Program Files\odoo16\server\odoo\addons\base\models\res_currency.py", line 16, in <module>
    from num2words import num2words
  File "C:\Program Files\odoo16\python\lib\site-packages\num2words\__init__.py", line 20, in <module>
    from . import lang_AR
  File "C:\Program Files\odoo16\python\lib\warnings.py", line 109, in _showwarnmsg
    sw(msg.message, msg.category, msg.filename, msg.lineno,
  File "C:\Program Files\odoo16\server\odoo\netsvc.py", line 287, in showwarning_with_traceback
    for frame in traceback.extract_stack():
 
2024-02-08 13:36:07,367 7520 WARNING ? py.warnings: C:\Program Files\odoo16\python\lib\site-packages\num2words\lang_AR.py:229: SyntaxWarning: "is not" with a literal. Did you mean "!="?
  File "C:\Program Files\odoo16\server\odoo-bin", line 8, in <module>
    odoo.cli.main()
  File "C:\Program Files\odoo16\server\odoo\cli\command.py", line 66, in main
    o.run(args)
  File "C:\Program Files\odoo16\server\odoo\cli\server.py", line 180, in run
    main(args)
  File "C:\Program Files\odoo16\server\odoo\cli\server.py", line 173, in main
    rc = odoo.service.server.start(preload=preload, stop=stop)
  File "C:\Program Files\odoo16\server\odoo\service\server.py", line 1345, in start
    load_server_wide_modules()
  File "C:\Program Files\odoo16\server\odoo\service\server.py", line 1248, in load_server_wide_modules
    odoo.modules.module.load_openerp_module(m)
  File "C:\Program Files\odoo16\server\odoo\modules\module.py", line 471, in load_openerp_module
    __import__('odoo.addons.' + module_name)
  File "C:\Program Files\odoo16\server\odoo\addons\web\__init__.py", line 4, in <module>
    from . import controllers
  File "C:\Program Files\odoo16\server\odoo\addons\web\controllers\__init__.py", line 5, in <module>
    from . import database
  File "C:\Program Files\odoo16\server\odoo\addons\web\controllers\database.py", line 19, in <module>
    from odoo.addons.base.models.ir_qweb import render as qweb_render
  File "C:\Program Files\odoo16\server\odoo\addons\base\__init__.py", line 5, in <module>
    from . import models
  File "C:\Program Files\odoo16\server\odoo\addons\base\models\__init__.py", line 43, in <module>
    from . import res_currency
  File "C:\Program Files\odoo16\server\odoo\addons\base\models\res_currency.py", line 16, in <module>
    from num2words import num2words
  File "C:\Program Files\odoo16\python\lib\site-packages\num2words\__init__.py", line 20, in <module>
    from . import lang_AR
  File "C:\Program Files\odoo16\python\lib\warnings.py", line 109, in _showwarnmsg
    sw(msg.message, msg.category, msg.filename, msg.lineno,
  File "C:\Program Files\odoo16\server\odoo\netsvc.py", line 287, in showwarning_with_traceback
    for frame in traceback.extract_stack():
 
2024-02-08 13:36:07,368 7520 WARNING ? py.warnings: C:\Program Files\odoo16\python\lib\site-packages\num2words\lang_AR.py:231: SyntaxWarning: "is not" with a literal. Did you mean "!="?
  File "C:\Program Files\odoo16\server\odoo-bin", line 8, in <module>
    odoo.cli.main()
  File "C:\Program Files\odoo16\server\odoo\cli\command.py", line 66, in main
    o.run(args)
  File "C:\Program Files\odoo16\server\odoo\cli\server.py", line 180, in run
    main(args)
  File "C:\Program Files\odoo16\server\odoo\cli\server.py", line 173, in main
    rc = odoo.service.server.start(preload=preload, stop=stop)
  File "C:\Program Files\odoo16\server\odoo\service\server.py", line 1345, in start
    load_server_wide_modules()
  File "C:\Program Files\odoo16\server\odoo\service\server.py", line 1248, in load_server_wide_modules
    odoo.modules.module.load_openerp_module(m)
  File "C:\Program Files\odoo16\server\odoo\modules\module.py", line 471, in load_openerp_module
    __import__('odoo.addons.' + module_name)
  File "C:\Program Files\odoo16\server\odoo\addons\web\__init__.py", line 4, in <module>
    from . import controllers
  File "C:\Program Files\odoo16\server\odoo\addons\web\controllers\__init__.py", line 5, in <module>
    from . import database
  File "C:\Program Files\odoo16\server\odoo\addons\web\controllers\database.py", line 19, in <module>
    from odoo.addons.base.models.ir_qweb import render as qweb_render
  File "C:\Program Files\odoo16\server\odoo\addons\base\__init__.py", line 5, in <module>
    from . import models
  File "C:\Program Files\odoo16\server\odoo\addons\base\models\__init__.py", line 43, in <module>
    from . import res_currency
  File "C:\Program Files\odoo16\server\odoo\addons\base\models\res_currency.py", line 16, in <module>
    from num2words import num2words
  File "C:\Program Files\odoo16\python\lib\site-packages\num2words\__init__.py", line 20, in <module>
    from . import lang_AR
  File "C:\Program Files\odoo16\python\lib\warnings.py", line 109, in _showwarnmsg
    sw(msg.message, msg.category, msg.filename, msg.lineno,
  File "C:\Program Files\odoo16\server\odoo\netsvc.py", line 287, in showwarning_with_traceback
    for frame in traceback.extract_stack():
 
2024-02-08 13:36:07,368 7520 WARNING ? py.warnings: C:\Program Files\odoo16\python\lib\site-packages\num2words\lang_AR.py:239: SyntaxWarning: "is not" with a literal. Did you mean "!="?
  File "C:\Program Files\odoo16\server\odoo-bin", line 8, in <module>
    odoo.cli.main()
  File "C:\Program Files\odoo16\server\odoo\cli\command.py", line 66, in main
    o.run(args)
  File "C:\Program Files\odoo16\server\odoo\cli\server.py", line 180, in run
    main(args)
  File "C:\Program Files\odoo16\server\odoo\cli\server.py", line 173, in main
    rc = odoo.service.server.start(preload=preload, stop=stop)
  File "C:\Program Files\odoo16\server\odoo\service\server.py", line 1345, in start
    load_server_wide_modules()
  File "C:\Program Files\odoo16\server\odoo\service\server.py", line 1248, in load_server_wide_modules
    odoo.modules.module.load_openerp_module(m)
  File "C:\Program Files\odoo16\server\odoo\modules\module.py", line 471, in load_openerp_module
    __import__('odoo.addons.' + module_name)
  File "C:\Program Files\odoo16\server\odoo\addons\web\__init__.py", line 4, in <module>
    from . import controllers
  File "C:\Program Files\odoo16\server\odoo\addons\web\controllers\__init__.py", line 5, in <module>
    from . import database
  File "C:\Program Files\odoo16\server\odoo\addons\web\controllers\database.py", line 19, in <module>
    from odoo.addons.base.models.ir_qweb import render as qweb_render
  File "C:\Program Files\odoo16\server\odoo\addons\base\__init__.py", line 5, in <module>
    from . import models
  File "C:\Program Files\odoo16\server\odoo\addons\base\models\__init__.py", line 43, in <module>
    from . import res_currency
  File "C:\Program Files\odoo16\server\odoo\addons\base\models\res_currency.py", line 16, in <module>
    from num2words import num2words
  File "C:\Program Files\odoo16\python\lib\site-packages\num2words\__init__.py", line 20, in <module>
    from . import lang_AR
  File "C:\Program Files\odoo16\python\lib\warnings.py", line 109, in _showwarnmsg
    sw(msg.message, msg.category, msg.filename, msg.lineno,
  File "C:\Program Files\odoo16\server\odoo\netsvc.py", line 287, in showwarning_with_traceback
    for frame in traceback.extract_stack():
 
2024-02-08 13:36:07,369 7520 WARNING ? py.warnings: C:\Program Files\odoo16\python\lib\site-packages\num2words\lang_AR.py:253: SyntaxWarning: "is not" with a literal. Did you mean "!="?
  File "C:\Program Files\odoo16\server\odoo-bin", line 8, in <module>
    odoo.cli.main()
  File "C:\Program Files\odoo16\server\odoo\cli\command.py", line 66, in main
    o.run(args)
  File "C:\Program Files\odoo16\server\odoo\cli\server.py", line 180, in run
    main(args)
  File "C:\Program Files\odoo16\server\odoo\cli\server.py", line 173, in main
    rc = odoo.service.server.start(preload=preload, stop=stop)
  File "C:\Program Files\odoo16\server\odoo\service\server.py", line 1345, in start
    load_server_wide_modules()
  File "C:\Program Files\odoo16\server\odoo\service\server.py", line 1248, in load_server_wide_modules
    odoo.modules.module.load_openerp_module(m)
  File "C:\Program Files\odoo16\server\odoo\modules\module.py", line 471, in load_openerp_module
    __import__('odoo.addons.' + module_name)
  File "C:\Program Files\odoo16\server\odoo\addons\web\__init__.py", line 4, in <module>
    from . import controllers
  File "C:\Program Files\odoo16\server\odoo\addons\web\controllers\__init__.py", line 5, in <module>
    from . import database
  File "C:\Program Files\odoo16\server\odoo\addons\web\controllers\database.py", line 19, in <module>
    from odoo.addons.base.models.ir_qweb import render as qweb_render
  File "C:\Program Files\odoo16\server\odoo\addons\base\__init__.py", line 5, in <module>
    from . import models
  File "C:\Program Files\odoo16\server\odoo\addons\base\models\__init__.py", line 43, in <module>
    from . import res_currency
  File "C:\Program Files\odoo16\server\odoo\addons\base\models\res_currency.py", line 16, in <module>
    from num2words import num2words
  File "C:\Program Files\odoo16\python\lib\site-packages\num2words\__init__.py", line 20, in <module>
    from . import lang_AR
  File "C:\Program Files\odoo16\python\lib\warnings.py", line 109, in _showwarnmsg
    sw(msg.message, msg.category, msg.filename, msg.lineno,
  File "C:\Program Files\odoo16\server\odoo\netsvc.py", line 287, in showwarning_with_traceback
    for frame in traceback.extract_stack():
 
2024-02-08 13:36:07,369 7520 WARNING ? py.warnings: C:\Program Files\odoo16\python\lib\site-packages\num2words\lang_AR.py:291: SyntaxWarning: "is not" with a literal. Did you mean "!="?
  File "C:\Program Files\odoo16\server\odoo-bin", line 8, in <module>
    odoo.cli.main()
  File "C:\Program Files\odoo16\server\odoo\cli\command.py", line 66, in main
    o.run(args)
  File "C:\Program Files\odoo16\server\odoo\cli\server.py", line 180, in run
    main(args)
  File "C:\Program Files\odoo16\server\odoo\cli\server.py", line 173, in main
    rc = odoo.service.server.start(preload=preload, stop=stop)
  File "C:\Program Files\odoo16\server\odoo\service\server.py", line 1345, in start
    load_server_wide_modules()
  File "C:\Program Files\odoo16\server\odoo\service\server.py", line 1248, in load_server_wide_modules
    odoo.modules.module.load_openerp_module(m)
  File "C:\Program Files\odoo16\server\odoo\modules\module.py", line 471, in load_openerp_module
    __import__('odoo.addons.' + module_name)
  File "C:\Program Files\odoo16\server\odoo\addons\web\__init__.py", line 4, in <module>
    from . import controllers
  File "C:\Program Files\odoo16\server\odoo\addons\web\controllers\__init__.py", line 5, in <module>
    from . import database
  File "C:\Program Files\odoo16\server\odoo\addons\web\controllers\database.py", line 19, in <module>
    from odoo.addons.base.models.ir_qweb import render as qweb_render
  File "C:\Program Files\odoo16\server\odoo\addons\base\__init__.py", line 5, in <module>
    from . import models
  File "C:\Program Files\odoo16\server\odoo\addons\base\models\__init__.py", line 43, in <module>
    from . import res_currency
  File "C:\Program Files\odoo16\server\odoo\addons\base\models\res_currency.py", line 16, in <module>
    from num2words import num2words
  File "C:\Program Files\odoo16\python\lib\site-packages\num2words\__init__.py", line 20, in <module>
    from . import lang_AR
  File "C:\Program Files\odoo16\python\lib\warnings.py", line 109, in _showwarnmsg
    sw(msg.message, msg.category, msg.filename, msg.lineno,
  File "C:\Program Files\odoo16\server\odoo\netsvc.py", line 287, in showwarning_with_traceback
    for frame in traceback.extract_stack():
 
2024-02-08 13:36:07,370 7520 WARNING ? py.warnings: C:\Program Files\odoo16\python\lib\site-packages\num2words\lang_AR.py:302: SyntaxWarning: "is" with a literal. Did you mean "=="?
  File "C:\Program Files\odoo16\server\odoo-bin", line 8, in <module>
    odoo.cli.main()
  File "C:\Program Files\odoo16\server\odoo\cli\command.py", line 66, in main
    o.run(args)
  File "C:\Program Files\odoo16\server\odoo\cli\server.py", line 180, in run
    main(args)
  File "C:\Program Files\odoo16\server\odoo\cli\server.py", line 173, in main
    rc = odoo.service.server.start(preload=preload, stop=stop)
  File "C:\Program Files\odoo16\server\odoo\service\server.py", line 1345, in start
    load_server_wide_modules()
  File "C:\Program Files\odoo16\server\odoo\service\server.py", line 1248, in load_server_wide_modules
    odoo.modules.module.load_openerp_module(m)
  File "C:\Program Files\odoo16\server\odoo\modules\module.py", line 471, in load_openerp_module
    __import__('odoo.addons.' + module_name)
  File "C:\Program Files\odoo16\server\odoo\addons\web\__init__.py", line 4, in <module>
    from . import controllers
  File "C:\Program Files\odoo16\server\odoo\addons\web\controllers\__init__.py", line 5, in <module>
    from . import database
  File "C:\Program Files\odoo16\server\odoo\addons\web\controllers\database.py", line 19, in <module>
    from odoo.addons.base.models.ir_qweb import render as qweb_render
  File "C:\Program Files\odoo16\server\odoo\addons\base\__init__.py", line 5, in <module>
    from . import models
  File "C:\Program Files\odoo16\server\odoo\addons\base\models\__init__.py", line 43, in <module>
    from . import res_currency
  File "C:\Program Files\odoo16\server\odoo\addons\base\models\res_currency.py", line 16, in <module>
    from num2words import num2words
  File "C:\Program Files\odoo16\python\lib\site-packages\num2words\__init__.py", line 20, in <module>
    from . import lang_AR
  File "C:\Program Files\odoo16\python\lib\warnings.py", line 109, in _showwarnmsg
    sw(msg.message, msg.category, msg.filename, msg.lineno,
  File "C:\Program Files\odoo16\server\odoo\netsvc.py", line 287, in showwarning_with_traceback
    for frame in traceback.extract_stack():
 
2024-02-08 13:36:07,370 7520 WARNING ? py.warnings: C:\Program Files\odoo16\python\lib\site-packages\num2words\lang_AR.py:305: SyntaxWarning: "is" with a literal. Did you mean "=="?
  File "C:\Program Files\odoo16\server\odoo-bin", line 8, in <module>
    odoo.cli.main()
  File "C:\Program Files\odoo16\server\odoo\cli\command.py", line 66, in main
    o.run(args)
  File "C:\Program Files\odoo16\server\odoo\cli\server.py", line 180, in run
    main(args)
  File "C:\Program Files\odoo16\server\odoo\cli\server.py", line 173, in main
    rc = odoo.service.server.start(preload=preload, stop=stop)
  File "C:\Program Files\odoo16\server\odoo\service\server.py", line 1345, in start
    load_server_wide_modules()
  File "C:\Program Files\odoo16\server\odoo\service\server.py", line 1248, in load_server_wide_modules
    odoo.modules.module.load_openerp_module(m)
  File "C:\Program Files\odoo16\server\odoo\modules\module.py", line 471, in load_openerp_module
    __import__('odoo.addons.' + module_name)
  File "C:\Program Files\odoo16\server\odoo\addons\web\__init__.py", line 4, in <module>
    from . import controllers
  File "C:\Program Files\odoo16\server\odoo\addons\web\controllers\__init__.py", line 5, in <module>
    from . import database
  File "C:\Program Files\odoo16\server\odoo\addons\web\controllers\database.py", line 19, in <module>
    from odoo.addons.base.models.ir_qweb import render as qweb_render
  File "C:\Program Files\odoo16\server\odoo\addons\base\__init__.py", line 5, in <module>
    from . import models
  File "C:\Program Files\odoo16\server\odoo\addons\base\models\__init__.py", line 43, in <module>
    from . import res_currency
  File "C:\Program Files\odoo16\server\odoo\addons\base\models\res_currency.py", line 16, in <module>
    from num2words import num2words
  File "C:\Program Files\odoo16\python\lib\site-packages\num2words\__init__.py", line 20, in <module>
    from . import lang_AR
  File "C:\Program Files\odoo16\python\lib\warnings.py", line 109, in _showwarnmsg
    sw(msg.message, msg.category, msg.filename, msg.lineno,
  File "C:\Program Files\odoo16\server\odoo\netsvc.py", line 287, in showwarning_with_traceback
    for frame in traceback.extract_stack():
 
2024-02-08 13:36:07,924 7520 INFO ? odoo.service.server: Initiating shutdown 
2024-02-08 13:36:07,924 7520 INFO ? odoo.service.server: Hit CTRL-C again or send a second signal to force the shutdown. 
2024-02-08 13:36:14,831 6808 INFO ? odoo: Odoo version 16.0-20240207 
2024-02-08 13:36:14,831 6808 INFO ? odoo: Using configuration file at C:\Program Files\odoo16\server\odoo.conf 
2024-02-08 13:36:14,831 6808 INFO ? odoo: addons paths: ['C:\\Program Files\\odoo16\\server\\odoo\\addons', 'c:\\program files\\odoo16\\sessions\\addons\\16.0', 'c:\\program files\\odoo16\\server\\odoo\\addons'] 
2024-02-08 13:36:14,831 6808 INFO ? odoo: database: admin@localhost:5432 
2024-02-08 13:36:14,931 6808 INFO ? odoo.addons.base.models.ir_actions_report: Will use the Wkhtmltopdf binary at C:\Program Files\odoo16\thirdparty\wkhtmltopdf.exe 
2024-02-08 13:36:15,121 6808 INFO ? odoo.service.server: HTTP service (werkzeug) running on Janusz-PC:8069 
2024-02-08 13:36:19,206 6808 INFO ? odoo.sql_db: Connection to the database failed 
2024-02-08 13:36:23,318 6808 INFO ? odoo.sql_db: Connection to the database failed 
2024-02-08 13:39:32,088 6808 INFO ? werkzeug: 127.0.0.1 - - [08/Feb/2024 13:39:32] "GET / HTTP/1.1" 303 - 1 0.003 0.036
2024-02-08 13:39:32,363 6808 INFO ? werkzeug: 127.0.0.1 - - [08/Feb/2024 13:39:32] "GET /web HTTP/1.1" 303 - 2 0.003 0.047
2024-02-08 13:39:36,185 6808 INFO ? werkzeug: 127.0.0.1 - - [08/Feb/2024 13:39:36] "GET /web/database/selector HTTP/1.1" 200 - 2 0.004 3.774
2024-02-08 13:39:36,249 6808 INFO ? werkzeug: 127.0.0.1 - - [08/Feb/2024 13:39:36] "GET /web/static/src/libs/fontawesome/css/font-awesome.css HTTP/1.1" 200 - 1 0.002 0.033
2024-02-08 13:39:36,660 6808 INFO ? werkzeug: 127.0.0.1 - - [08/Feb/2024 13:39:36] "GET /web/static/lib/bootstrap/dist/css/bootstrap.css HTTP/1.1" 200 - 1 0.002 0.130
2024-02-08 13:39:36,664 6808 INFO ? werkzeug: 127.0.0.1 - - [08/Feb/2024 13:39:36] "GET /web/static/lib/bootstrap/js/dist/dom/data.js HTTP/1.1" 200 - 1 0.002 0.134
2024-02-08 13:39:36,665 6808 INFO ? werkzeug: 127.0.0.1 - - [08/Feb/2024 13:39:36] "GET /web/static/lib/bootstrap/js/dist/dom/manipulator.js HTTP/1.1" 200 - 1 0.001 0.134
2024-02-08 13:39:36,665 6808 INFO ? werkzeug: 127.0.0.1 - - [08/Feb/2024 13:39:36] "GET /web/static/lib/bootstrap/js/dist/dom/selector-engine.js HTTP/1.1" 200 - 1 0.002 0.104
2024-02-08 13:39:36,665 6808 INFO ? werkzeug: 127.0.0.1 - - [08/Feb/2024 13:39:36] "GET /web/static/lib/bootstrap/js/dist/dom/event-handler.js HTTP/1.1" 200 - 1 0.001 0.135
2024-02-08 13:39:36,668 6808 INFO ? werkzeug: 127.0.0.1 - - [08/Feb/2024 13:39:36] "GET /web/static/lib/jquery/jquery.js HTTP/1.1" 200 - 1 0.002 0.138
2024-02-08 13:39:37,155 6808 INFO ? werkzeug: 127.0.0.1 - - [08/Feb/2024 13:39:37] "GET /web/static/img/logo2.png HTTP/1.1" 200 - 1 0.002 0.179
2024-02-08 13:39:37,160 6808 INFO ? werkzeug: 127.0.0.1 - - [08/Feb/2024 13:39:37] "GET /web/static/src/public/database_manager.js HTTP/1.1" 200 - 1 0.002 0.186
2024-02-08 13:39:37,161 6808 INFO ? werkzeug: 127.0.0.1 - - [08/Feb/2024 13:39:37] "GET /web/static/lib/bootstrap/js/dist/base-component.js HTTP/1.1" 200 - 1 0.001 0.188
2024-02-08 13:39:37,163 6808 INFO ? werkzeug: 127.0.0.1 - - [08/Feb/2024 13:39:37] "GET /web/static/lib/bootstrap/js/dist/modal.js HTTP/1.1" 200 - 1 0.002 0.189
2024-02-08 13:39:37,585 6808 INFO ? werkzeug: 127.0.0.1 - - [08/Feb/2024 13:39:37] "GET /web/static/src/libs/fontawesome/fonts/fontawesome-webfont.woff2?v=4.7.0 HTTP/1.1" 200 - 1 0.002 0.025
2024-02-08 13:39:37,848 6808 INFO ? werkzeug: 127.0.0.1 - - [08/Feb/2024 13:39:37] "GET /web/static/img/favicon.ico HTTP/1.1" 200 - 1 0.002 0.024
2024-02-08 13:40:40,243 6808 INFO None odoo.service.db: Create database `procomdev`. 
2024-02-08 13:40:41,381 6808 INFO procomdev odoo.modules.loading: loading 1 modules... 
2024-02-08 13:40:41,381 6808 INFO procomdev odoo.modules.loading: Loading module base (1/1) 
2024-02-08 13:40:41,395 6808 INFO procomdev odoo.modules.registry: module base: creating or updating database tables 
2024-02-08 13:40:41,749 6808 INFO procomdev odoo.models: Prepare computation of ir.module.module.menus_by_module 
2024-02-08 13:40:41,749 6808 INFO procomdev odoo.models: Prepare computation of ir.module.module.reports_by_module 
2024-02-08 13:40:41,749 6808 INFO procomdev odoo.models: Prepare computation of ir.module.module.views_by_module 
2024-02-08 13:40:41,886 6808 INFO procomdev odoo.models: Prepare computation of res.partner.user_id 
2024-02-08 13:40:41,886 6808 INFO procomdev odoo.models: Prepare computation of res.partner.commercial_partner_id 
2024-02-08 13:40:41,886 6808 INFO procomdev odoo.models: Prepare computation of res.partner.display_name 
2024-02-08 13:40:41,886 6808 INFO procomdev odoo.models: Prepare computation of res.partner.company_registry 
2024-02-08 13:40:41,886 6808 INFO procomdev odoo.models: Prepare computation of res.partner.commercial_company_name 
2024-02-08 13:40:41,886 6808 INFO procomdev odoo.models: Prepare computation of res.partner.partner_share 
2024-02-08 13:40:41,934 6808 INFO procomdev odoo.models: Prepare computation of res.currency.decimal_places 
2024-02-08 13:40:41,964 6808 INFO procomdev odoo.models: Prepare computation of res.company.logo_web 
2024-02-08 13:40:41,998 6808 INFO procomdev odoo.models: Prepare computation of res.users.signature 
2024-02-08 13:40:41,999 6808 INFO procomdev odoo.models: Prepare computation of res.users.share 
2024-02-08 13:40:43,407 6808 INFO procomdev odoo.modules.loading: loading base/data/res_bank.xml 
2024-02-08 13:40:43,420 6808 INFO procomdev odoo.modules.loading: loading base/data/res.lang.csv 
2024-02-08 13:40:43,453 6808 INFO procomdev odoo.modules.loading: loading base/data/res_lang_data.xml 
2024-02-08 13:40:43,486 6808 INFO procomdev odoo.modules.loading: loading base/data/res_partner_data.xml 
2024-02-08 13:40:43,537 6808 INFO procomdev odoo.modules.loading: loading base/data/res_currency_data.xml 
2024-02-08 13:40:43,785 6808 INFO procomdev odoo.modules.loading: loading base/data/res_company_data.xml 
2024-02-08 13:40:43,800 6808 INFO procomdev odoo.modules.loading: loading base/data/res_users_data.xml 
2024-02-08 13:40:44,411 6808 INFO procomdev odoo.modules.loading: loading base/data/report_paperformat_data.xml 
2024-02-08 13:40:44,422 6808 INFO procomdev odoo.modules.loading: loading base/data/res_country_data.xml 
2024-02-08 13:40:44,670 6808 INFO procomdev odoo.modules.loading: loading base/data/ir_demo_data.xml 
2024-02-08 13:40:44,684 6808 INFO procomdev odoo.modules.loading: loading base/data/ir_config_parameter_data.xml 
2024-02-08 13:40:44,693 6808 INFO procomdev odoo.modules.loading: loading base/security/base_groups.xml 
2024-02-08 13:40:44,868 6808 INFO procomdev odoo.modules.loading: loading base/security/base_security.xml 
2024-02-08 13:40:44,956 6808 INFO procomdev odoo.modules.loading: loading base/views/base_menus.xml 
2024-02-08 13:40:45,043 6808 INFO procomdev odoo.modules.loading: loading base/views/decimal_precision_views.xml 
2024-02-08 13:40:45,072 6808 INFO procomdev odoo.modules.loading: loading base/views/res_config_views.xml 
2024-02-08 13:40:45,085 6808 INFO procomdev odoo.modules.loading: loading base/data/res.country.state.csv 
2024-02-08 13:40:45,463 6808 INFO procomdev odoo.modules.loading: loading base/views/ir_actions_views.xml 
2024-02-08 13:40:45,548 6808 INFO procomdev odoo.modules.loading: loading base/views/ir_asset_views.xml 
2024-02-08 13:40:45,566 6808 INFO procomdev odoo.modules.loading: loading base/views/ir_config_parameter_views.xml 
2024-02-08 13:40:45,583 6808 INFO procomdev odoo.modules.loading: loading base/views/ir_cron_views.xml 
2024-02-08 13:40:45,616 6808 INFO procomdev odoo.modules.loading: loading base/views/ir_cron_trigger_views.xml 
2024-02-08 13:40:45,633 6808 INFO procomdev odoo.modules.loading: loading base/views/ir_filters_views.xml 
2024-02-08 13:40:45,652 6808 INFO procomdev odoo.modules.loading: loading base/views/ir_mail_server_views.xml 
2024-02-08 13:40:45,672 6808 INFO procomdev odoo.modules.loading: loading base/views/ir_model_views.xml 
2024-02-08 13:40:45,777 6808 INFO procomdev odoo.modules.loading: loading base/views/ir_attachment_views.xml 
2024-02-08 13:40:45,800 6808 INFO procomdev odoo.modules.loading: loading base/views/ir_rule_views.xml 
2024-02-08 13:40:45,824 6808 INFO procomdev odoo.modules.loading: loading base/views/ir_sequence_views.xml 
2024-02-08 13:40:45,845 6808 INFO procomdev odoo.modules.loading: loading base/views/ir_ui_menu_views.xml 
2024-02-08 13:40:45,866 6808 INFO procomdev odoo.modules.loading: loading base/views/ir_ui_view_views.xml 
2024-02-08 13:40:45,903 6808 INFO procomdev odoo.modules.loading: loading base/views/ir_default_views.xml 
2024-02-08 13:40:45,922 6808 INFO procomdev odoo.modules.loading: loading base/data/ir_cron_data.xml 
2024-02-08 13:40:45,931 6808 INFO procomdev odoo.modules.loading: loading base/report/ir_model_report.xml 
2024-02-08 13:40:45,940 6808 INFO procomdev odoo.modules.loading: loading base/report/ir_model_templates.xml 
2024-02-08 13:40:45,949 6808 INFO procomdev odoo.modules.loading: loading base/views/ir_logging_views.xml 
2024-02-08 13:40:45,968 6808 INFO procomdev odoo.modules.loading: loading base/views/ir_qweb_widget_templates.xml 
2024-02-08 13:40:45,979 6808 INFO procomdev odoo.modules.loading: loading base/views/ir_module_views.xml 
2024-02-08 13:40:46,029 6808 INFO procomdev odoo.modules.loading: loading base/data/ir_module_category_data.xml 
2024-02-08 13:40:46,079 6808 INFO procomdev odoo.modules.loading: loading base/data/ir_module_module.xml 
2024-02-08 13:40:46,129 6808 INFO procomdev odoo.modules.loading: loading base/report/ir_module_reports.xml 
2024-02-08 13:40:46,138 6808 INFO procomdev odoo.modules.loading: loading base/report/ir_module_report_templates.xml 
2024-02-08 13:40:46,147 6808 INFO procomdev odoo.modules.loading: loading base/wizard/base_module_update_views.xml 
2024-02-08 13:40:46,163 6808 INFO procomdev odoo.modules.loading: loading base/wizard/base_language_install_views.xml 
2024-02-08 13:40:46,177 6808 INFO procomdev odoo.modules.loading: loading base/wizard/base_import_language_views.xml 
2024-02-08 13:40:46,191 6808 INFO procomdev odoo.modules.loading: loading base/wizard/base_module_upgrade_views.xml 
2024-02-08 13:40:46,210 6808 INFO procomdev odoo.modules.loading: loading base/wizard/base_module_uninstall_views.xml 
2024-02-08 13:40:46,221 6808 INFO procomdev odoo.modules.loading: loading base/wizard/base_export_language_views.xml 
2024-02-08 13:40:46,235 6808 INFO procomdev odoo.modules.loading: loading base/wizard/base_partner_merge_views.xml 
2024-02-08 13:40:46,251 6808 INFO procomdev odoo.modules.loading: loading base/data/ir_actions_data.xml 
2024-02-08 13:40:46,258 6808 INFO procomdev odoo.modules.loading: loading base/data/ir_demo_failure_data.xml 
2024-02-08 13:40:46,274 6808 INFO procomdev odoo.modules.loading: loading base/views/ir_profile_views.xml 
2024-02-08 13:40:46,296 6808 INFO procomdev odoo.modules.loading: loading base/views/res_company_views.xml 
2024-02-08 13:40:46,315 6808 INFO procomdev odoo.modules.loading: loading base/views/res_lang_views.xml 
2024-02-08 13:40:46,337 6808 INFO procomdev odoo.modules.loading: loading base/views/res_partner_views.xml 
2024-02-08 13:40:46,418 6808 INFO procomdev odoo.modules.loading: loading base/views/res_bank_views.xml 
2024-02-08 13:40:46,445 6808 INFO procomdev odoo.modules.loading: loading base/views/res_country_views.xml 
2024-02-08 13:40:46,477 6808 INFO procomdev odoo.modules.loading: loading base/views/res_currency_views.xml 
2024-02-08 13:40:46,509 6808 INFO procomdev odoo.modules.loading: loading base/views/res_users_views.xml 
2024-02-08 13:40:46,593 6808 INFO procomdev odoo.modules.loading: loading base/views/ir_property_views.xml 
2024-02-08 13:40:46,613 6808 INFO procomdev odoo.modules.loading: loading base/views/res_config_settings_views.xml 
2024-02-08 13:40:46,624 6808 INFO procomdev odoo.modules.loading: loading base/views/report_paperformat_views.xml 
2024-02-08 13:40:46,646 6808 INFO procomdev odoo.modules.loading: loading base/views/onboarding_views.xml 
2024-02-08 13:40:46,667 6808 INFO procomdev odoo.modules.loading: loading base/security/ir.model.access.csv 
2024-02-08 13:40:46,747 6808 INFO procomdev odoo.modules.loading: Module base: loading demo 
2024-02-08 13:40:46,747 6808 INFO procomdev odoo.modules.loading: loading base/data/res_company_demo.xml 
2024-02-08 13:40:46,757 6808 INFO procomdev odoo.modules.loading: loading base/data/res_users_demo.xml 
2024-02-08 13:40:47,460 6808 INFO procomdev odoo.modules.loading: loading base/data/res_partner_bank_demo.xml 
2024-02-08 13:40:47,469 6808 INFO procomdev odoo.modules.loading: loading base/data/res_currency_rate_demo.xml 
2024-02-08 13:40:47,614 6808 INFO procomdev odoo.modules.loading: loading base/data/res_bank_demo.xml 
2024-02-08 13:40:47,622 6808 INFO procomdev odoo.modules.loading: loading base/data/res_partner_demo.xml 
2024-02-08 13:40:47,796 6808 INFO procomdev odoo.modules.loading: loading base/data/res_partner_image_demo.xml 
2024-02-08 13:40:48,264 6808 INFO procomdev odoo.modules.loading: Module base loaded in 6.88s, 9042 queries (+9042 other) 
2024-02-08 13:40:48,264 6808 INFO procomdev odoo.modules.loading: 1 modules loaded in 6.88s, 9042 queries (+9042 extra) 
2024-02-08 13:40:48,291 6808 INFO procomdev odoo.modules.loading: updating modules list 
2024-02-08 13:40:48,291 6808 INFO procomdev odoo.addons.base.models.ir_module: ALLOW access to module.update_list on [] to user __system__ #1 via n/a 
2024-02-08 13:40:48,645 6808 INFO procomdev odoo.modules.loading: loading 8 modules... 
2024-02-08 13:40:48,645 6808 INFO procomdev odoo.modules.loading: Loading module web (2/8) 
2024-02-08 13:40:48,660 6808 INFO procomdev odoo.modules.registry: module web: creating or updating database tables 
2024-02-08 13:40:49,018 6808 INFO procomdev odoo.modules.loading: loading web/security/ir.model.access.csv 
2024-02-08 13:40:49,033 6808 INFO procomdev odoo.modules.loading: loading web/views/webclient_templates.xml 
2024-02-08 13:40:49,085 6808 INFO procomdev odoo.modules.loading: loading web/views/report_templates.xml 
2024-02-08 13:40:49,152 6808 INFO procomdev odoo.modules.loading: loading web/views/base_document_layout_views.xml 
2024-02-08 13:40:49,170 6808 INFO procomdev odoo.modules.loading: loading web/views/speedscope_template.xml 
2024-02-08 13:40:49,185 6808 INFO procomdev odoo.modules.loading: loading web/views/lazy_assets.xml 
2024-02-08 13:40:49,194 6808 INFO procomdev odoo.modules.loading: loading web/views/neutralize_views.xml 
2024-02-08 13:40:49,204 6808 INFO procomdev odoo.modules.loading: loading web/data/ir_attachment.xml 
2024-02-08 13:40:49,214 6808 INFO procomdev odoo.modules.loading: loading web/data/report_layout.xml 
2024-02-08 13:40:49,246 6808 INFO procomdev odoo.modules.loading: Module web loaded in 0.60s, 882 queries (+882 other) 
2024-02-08 13:40:49,246 6808 INFO procomdev odoo.modules.loading: Loading module auth_totp (3/8) 
2024-02-08 13:40:49,381 6808 INFO procomdev odoo.modules.registry: module auth_totp: creating or updating database tables 
2024-02-08 13:40:49,432 6808 INFO procomdev odoo.modules.loading: loading auth_totp/security/security.xml 
2024-02-08 13:40:49,457 6808 INFO procomdev odoo.modules.loading: loading auth_totp/security/ir.model.access.csv 
2024-02-08 13:40:49,467 6808 INFO procomdev odoo.modules.loading: loading auth_totp/data/ir_action_data.xml 
2024-02-08 13:40:49,478 6808 INFO procomdev odoo.modules.loading: loading auth_totp/views/res_users_views.xml 
2024-02-08 13:40:49,501 6808 INFO procomdev odoo.modules.loading: loading auth_totp/views/templates.xml 
2024-02-08 13:40:49,511 6808 INFO procomdev odoo.modules.loading: loading auth_totp/wizard/auth_totp_wizard_views.xml 
2024-02-08 13:40:49,531 6808 INFO procomdev odoo.modules.loading: Module auth_totp loaded in 0.28s, 175 queries (+175 other) 
2024-02-08 13:40:49,531 6808 INFO procomdev odoo.modules.loading: Loading module base_import (4/8) 
2024-02-08 13:40:49,602 6808 INFO procomdev odoo.modules.registry: module base_import: creating or updating database tables 
2024-02-08 13:40:50,144 6808 INFO procomdev odoo.modules.loading: loading base_import/security/ir.model.access.csv 
2024-02-08 13:40:50,174 6808 INFO procomdev odoo.modules.loading: Module base_import loaded in 0.64s, 891 queries (+891 other) 
2024-02-08 13:40:50,174 6808 INFO procomdev odoo.modules.loading: Loading module bus (5/8) 
2024-02-08 13:40:50,275 6808 INFO procomdev odoo.modules.registry: module bus: creating or updating database tables 
2024-02-08 13:40:50,377 6808 INFO procomdev odoo.modules.loading: loading bus/security/ir.model.access.csv 
2024-02-08 13:40:50,395 6808 INFO procomdev odoo.modules.loading: Module bus loaded in 0.22s, 103 queries (+103 other) 
2024-02-08 13:40:50,395 6808 INFO procomdev odoo.modules.loading: Loading module web_kanban_gauge (6/8) 
2024-02-08 13:40:50,426 6808 INFO procomdev odoo.modules.loading: Module web_kanban_gauge loaded in 0.03s, 12 queries (+12 other) 
2024-02-08 13:40:50,426 6808 INFO procomdev odoo.modules.loading: Loading module web_tour (7/8) 
2024-02-08 13:40:50,464 6808 INFO procomdev odoo.modules.registry: module web_tour: creating or updating database tables 
2024-02-08 13:40:50,492 6808 INFO procomdev odoo.modules.loading: loading web_tour/security/ir.model.access.csv 
2024-02-08 13:40:50,504 6808 INFO procomdev odoo.modules.loading: loading web_tour/security/ir.rule.csv 
2024-02-08 13:40:50,514 6808 INFO procomdev odoo.modules.loading: loading web_tour/views/tour_views.xml 
2024-02-08 13:40:50,542 6808 INFO procomdev odoo.modules.loading: Module web_tour loaded in 0.12s, 101 queries (+101 other) 
2024-02-08 13:40:50,542 6808 INFO procomdev odoo.modules.loading: Loading module web_editor (8/8) 
2024-02-08 13:40:50,742 6808 INFO procomdev odoo.modules.registry: module web_editor: creating or updating database tables 
2024-02-08 13:40:51,177 6808 INFO procomdev odoo.modules.loading: loading web_editor/security/ir.model.access.csv 
2024-02-08 13:40:51,191 6808 INFO procomdev odoo.modules.loading: loading web_editor/data/editor_assets.xml 
2024-02-08 13:40:51,201 6808 INFO procomdev odoo.modules.loading: loading web_editor/views/editor.xml 
2024-02-08 13:40:51,225 6808 INFO procomdev odoo.modules.loading: loading web_editor/views/snippets.xml 
2024-02-08 13:40:51,262 6808 INFO procomdev odoo.modules.loading: Module web_editor loaded in 0.72s, 821 queries (+821 other) 
2024-02-08 13:40:51,262 6808 INFO procomdev odoo.modules.loading: 8 modules loaded in 2.62s, 2985 queries (+2985 extra) 
2024-02-08 13:40:51,411 6808 INFO procomdev odoo.modules.loading: Modules loaded. 
2024-02-08 13:40:51,413 6808 INFO procomdev odoo.modules.registry: Registry loaded in 10.042s 
2024-02-08 13:40:52,058 6808 INFO procomdev odoo.addons.base.models.res_users: Login successful for db:procomdev login:jdlugosz@usprocom.com from 127.0.0.1 
2024-02-08 13:40:52,064 6808 INFO procomdev werkzeug: 127.0.0.1 - - [08/Feb/2024 13:40:52] "POST /web/database/create HTTP/1.1" 303 - 17003 5.908 7.099
2024-02-08 13:40:52,074 6808 INFO procomdev odoo.addons.base.models.ir_http: Generating routing map for key None 
2024-02-08 13:40:52,134 6808 INFO procomdev werkzeug: 127.0.0.1 - - [08/Feb/2024 13:40:52] "GET /web HTTP/1.1" 303 - 6 0.003 0.062
2024-02-08 13:41:00,855 6808 INFO procomdev werkzeug: 127.0.0.1 - - [08/Feb/2024 13:41:00] "GET /web/login HTTP/1.1" 200 - 66 0.029 8.384
2024-02-08 13:41:00,887 6808 INFO procomdev werkzeug: 127.0.0.1 - - [08/Feb/2024 13:41:00] "GET /web/assets/190-27d7354/web.assets_frontend.min.css HTTP/1.1" 200 - 6 0.002 0.011
2024-02-08 13:41:01,245 6808 INFO procomdev werkzeug: 127.0.0.1 - - [08/Feb/2024 13:41:01] "GET /web/binary/company_logo HTTP/1.1" 200 - 2 0.004 0.049
2024-02-08 13:41:01,261 6808 INFO procomdev werkzeug: 127.0.0.1 - - [08/Feb/2024 13:41:01] "GET /web/assets/191-f5c91d5/web.assets_frontend_minimal.min.js HTTP/1.1" 200 - 5 0.004 0.064
2024-02-08 13:41:01,824 6808 INFO procomdev werkzeug: 127.0.0.1 - - [08/Feb/2024 13:41:01] "GET /web/assets/192-e470c90/web.assets_frontend_lazy.min.js HTTP/1.1" 200 - 5 0.001 0.192
2024-02-08 13:41:01,925 6808 INFO procomdev werkzeug: 127.0.0.1 - - [08/Feb/2024 13:41:01] "GET /web/webclient/translations/1707399661912 HTTP/1.1" 200 - 3 0.002 0.006
2024-02-08 13:41:02,247 6808 INFO procomdev werkzeug: 127.0.0.1 - - [08/Feb/2024 13:41:02] "GET /web/webclient/translations/1707399661928 HTTP/1.1" 200 - 3 0.002 0.002
2024-02-08 13:41:16,509 6808 INFO procomdev odoo.addons.base.models.res_users: Login successful for db:procomdev login:jdlugosz@usprocom.com from 127.0.0.1 
2024-02-08 13:41:16,517 6808 INFO procomdev werkzeug: 127.0.0.1 - - [08/Feb/2024 13:41:16] "POST /web/login HTTP/1.1" 303 - 25 0.020 0.330
2024-02-08 13:41:29,890 6808 INFO procomdev werkzeug: 127.0.0.1 - - [08/Feb/2024 13:41:29] "GET /web HTTP/1.1" 200 - 94 0.061 13.006
2024-02-08 13:41:29,945 6808 INFO procomdev werkzeug: 127.0.0.1 - - [08/Feb/2024 13:41:29] "GET /web/assets/193-4f5b397/web.assets_common.min.css HTTP/1.1" 200 - 4 0.004 0.012
2024-02-08 13:41:30,423 6808 INFO procomdev werkzeug: 127.0.0.1 - - [08/Feb/2024 13:41:30] "GET /web/assets/194-cfd1f9a/web.assets_backend.min.css HTTP/1.1" 200 - 4 0.001 0.183
2024-02-08 13:41:30,423 6808 INFO procomdev werkzeug: 127.0.0.1 - - [08/Feb/2024 13:41:30] "GET /web/assets/197-f710608/web.assets_backend_prod_only.min.js HTTP/1.1" 200 - 4 0.004 0.179
2024-02-08 13:41:30,424 6808 INFO procomdev werkzeug: 127.0.0.1 - - [08/Feb/2024 13:41:30] "GET /web/assets/196-cfd1f9a/web.assets_backend.min.js HTTP/1.1" 200 - 4 0.003 0.181
2024-02-08 13:41:30,426 6808 INFO procomdev werkzeug: 127.0.0.1 - - [08/Feb/2024 13:41:30] "GET /web/webclient/load_menus/3b5665afdb76f0b35edca6c8b7486724a31b5c9e8fd5a2aa71a636993cb1dd9b HTTP/1.1" 200 - 1 0.002 0.183
2024-02-08 13:41:30,427 6808 INFO procomdev werkzeug: 127.0.0.1 - - [08/Feb/2024 13:41:30] "GET /web/webclient/translations/65607f58d5469d51a5b051eb66c57db2c3d405a5?lang=en_US HTTP/1.1" 200 - 3 0.004 0.169
2024-02-08 13:41:30,580 6808 INFO procomdev werkzeug: 127.0.0.1 - - [08/Feb/2024 13:41:30] "GET /web/assets/195-4f5b397/web.assets_common.min.js HTTP/1.1" 200 - 4 0.005 0.336
2024-02-08 13:41:31,089 6808 INFO procomdev werkzeug: 127.0.0.1 - - [08/Feb/2024 13:41:31] "GET /web/webclient/locale/en_US HTTP/1.1" 200 - 1 0.000 0.002
2024-02-08 13:41:31,147 6808 INFO procomdev werkzeug: 127.0.0.1 - - [08/Feb/2024 13:41:31] "GET /bus/websocket_worker_bundle?v=1.0.5 HTTP/1.1" 200 - 9 0.009 0.036
2024-02-08 13:41:31,360 6808 INFO ? werkzeug: 127.0.0.1 - - [08/Feb/2024 13:41:31] "GET /web/static/lib/odoo_ui_icons/fonts/odoo_ui_icons.woff2 HTTP/1.1" 200 - 0 0.000 0.006
2024-02-08 13:41:31,450 6808 INFO procomdev werkzeug: 127.0.0.1 - - [08/Feb/2024 13:41:31] "GET /web/image?model=res.users&field=avatar_128&id=2 HTTP/1.1" 200 - 9 0.009 0.008
2024-02-08 13:41:31,452 6808 INFO procomdev werkzeug: 127.0.0.1 - - [08/Feb/2024 13:41:31] "POST /web/action/load HTTP/1.1" 200 - 11 0.010 0.010
2024-02-08 13:41:31,463 6808 INFO procomdev werkzeug: 127.0.0.1 - - [08/Feb/2024 13:41:31] "GET /websocket HTTP/1.1" 101 - 1 0.000 0.005
2024-02-08 13:41:31,468 6808 INFO procomdev werkzeug: 127.0.0.1 - - [08/Feb/2024 13:41:31] "GET /web/image/res.company/1/favicon HTTP/1.1" 200 - 10 0.005 0.005
2024-02-08 13:41:31,469 6808 INFO ? odoo.addons.bus.models.bus: Bus.loop listen imbus on db postgres 
2024-02-08 13:41:31,809 6808 INFO procomdev werkzeug: 127.0.0.1 - - [08/Feb/2024 13:41:31] "POST /web/dataset/call_kw/ir.module.module/get_views HTTP/1.1" 200 - 43 0.015 0.021
2024-02-08 13:41:32,144 6808 INFO procomdev werkzeug: 127.0.0.1 - - [08/Feb/2024 13:41:32] "POST /web/dataset/call_kw/ir.module.module/web_search_read HTTP/1.1" 200 - 4 0.003 0.004
2024-02-08 13:41:32,162 6808 INFO procomdev werkzeug: 127.0.0.1 - - [08/Feb/2024 13:41:32] "POST /web/dataset/call_kw/ir.module.module/search_panel_select_range HTTP/1.1" 200 - 40 0.018 0.008
2024-02-08 13:41:32,404 6808 INFO ? werkzeug: 127.0.0.1 - - [08/Feb/2024 13:41:32] "GET /sale_management/static/description/icon.png HTTP/1.1" 200 - 0 0.000 0.005
2024-02-08 13:41:32,598 6808 INFO ? werkzeug: 127.0.0.1 - - [08/Feb/2024 13:41:32] "GET /base/static/img/icons/mrp_workorder.png HTTP/1.1" 200 - 0 0.000 0.007
2024-02-08 13:41:32,599 6808 INFO ? werkzeug: 127.0.0.1 - - [08/Feb/2024 13:41:32] "GET /stock/static/description/icon.png HTTP/1.1" 200 - 0 0.000 0.007
2024-02-08 13:41:32,599 6808 INFO ? werkzeug: 127.0.0.1 - - [08/Feb/2024 13:41:32] "GET /account/static/description/icon.png HTTP/1.1" 200 - 0 0.000 0.009
2024-02-08 13:41:32,599 6808 INFO ? werkzeug: 127.0.0.1 - - [08/Feb/2024 13:41:32] "GET /crm/static/description/icon.png HTTP/1.1" 200 - 0 0.000 0.008
2024-02-08 13:41:32,599 6808 INFO ? werkzeug: 127.0.0.1 - - [08/Feb/2024 13:41:32] "GET /website/static/description/icon.png HTTP/1.1" 200 - 0 0.000 0.008
2024-02-08 13:41:32,719 6808 INFO ? werkzeug: 127.0.0.1 - - [08/Feb/2024 13:41:32] "GET /purchase/static/description/icon.png HTTP/1.1" 200 - 0 0.000 0.005
2024-02-08 13:41:32,927 6808 INFO ? werkzeug: 127.0.0.1 - - [08/Feb/2024 13:41:32] "GET /website_sale/static/description/icon.png HTTP/1.1" 200 - 0 0.000 0.008
2024-02-08 13:41:32,927 6808 INFO ? werkzeug: 127.0.0.1 - - [08/Feb/2024 13:41:32] "GET /point_of_sale/static/description/icon.png HTTP/1.1" 200 - 0 0.000 0.010
2024-02-08 13:41:32,927 6808 INFO ? werkzeug: 127.0.0.1 - - [08/Feb/2024 13:41:32] "GET /base/static/img/icons/knowledge.png HTTP/1.1" 200 - 0 0.000 0.009
2024-02-08 13:41:32,927 6808 INFO ? werkzeug: 127.0.0.1 - - [08/Feb/2024 13:41:32] "GET /base/static/img/icons/account_accountant.png HTTP/1.1" 200 - 0 0.000 0.010
2024-02-08 13:41:32,927 6808 INFO ? werkzeug: 127.0.0.1 - - [08/Feb/2024 13:41:32] "GET /project/static/description/icon.png HTTP/1.1" 200 - 0 0.000 0.009
2024-02-08 13:41:33,032 6808 INFO ? werkzeug: 127.0.0.1 - - [08/Feb/2024 13:41:33] "GET /mrp/static/description/icon.png HTTP/1.1" 200 - 0 0.000 0.005
2024-02-08 13:41:33,250 6808 INFO ? werkzeug: 127.0.0.1 - - [08/Feb/2024 13:41:33] "GET /base/static/img/icons/timesheet_grid.png HTTP/1.1" 200 - 0 0.000 0.007
2024-02-08 13:41:33,250 6808 INFO ? werkzeug: 127.0.0.1 - - [08/Feb/2024 13:41:33] "GET /base/static/img/icons/web_studio.png HTTP/1.1" 200 - 0 0.000 0.006
2024-02-08 13:41:33,251 6808 INFO ? werkzeug: 127.0.0.1 - - [08/Feb/2024 13:41:33] "GET /hr_expense/static/description/icon.png HTTP/1.1" 200 - 0 0.000 0.008
2024-02-08 13:41:33,251 6808 INFO ? werkzeug: 127.0.0.1 - - [08/Feb/2024 13:41:33] "GET /hr_holidays/static/description/icon.png HTTP/1.1" 200 - 0 0.000 0.006
2024-02-08 13:41:33,251 6808 INFO ? werkzeug: 127.0.0.1 - - [08/Feb/2024 13:41:33] "GET /mass_mailing/static/description/icon.png HTTP/1.1" 200 - 0 0.000 0.009
2024-02-08 13:41:33,341 6808 INFO ? werkzeug: 127.0.0.1 - - [08/Feb/2024 13:41:33] "GET /hr_recruitment/static/description/icon.png HTTP/1.1" 200 - 0 0.000 0.005
2024-02-08 13:41:33,564 6808 INFO ? werkzeug: 127.0.0.1 - - [08/Feb/2024 13:41:33] "GET /data_recycle/static/description/icon.png HTTP/1.1" 200 - 0 0.000 0.008
2024-02-08 13:41:33,564 6808 INFO ? werkzeug: 127.0.0.1 - - [08/Feb/2024 13:41:33] "GET /maintenance/static/description/icon.png HTTP/1.1" 200 - 0 0.000 0.008
2024-02-08 13:41:33,564 6808 INFO ? werkzeug: 127.0.0.1 - - [08/Feb/2024 13:41:33] "GET /base/static/img/icons/industry_fsm.png HTTP/1.1" 200 - 0 0.000 0.009
2024-02-08 13:41:33,564 6808 INFO ? werkzeug: 127.0.0.1 - - [08/Feb/2024 13:41:33] "GET /base/static/img/icons/sign.png HTTP/1.1" 200 - 0 0.000 0.006
2024-02-08 13:41:33,564 6808 INFO ? werkzeug: 127.0.0.1 - - [08/Feb/2024 13:41:33] "GET /hr/static/description/icon.png HTTP/1.1" 200 - 0 0.000 0.009
2024-02-08 13:41:33,653 6808 INFO ? werkzeug: 127.0.0.1 - - [08/Feb/2024 13:41:33] "GET /base/static/img/icons/helpdesk.png HTTP/1.1" 200 - 0 0.000 0.005
2024-02-08 13:41:33,890 6808 INFO ? werkzeug: 127.0.0.1 - - [08/Feb/2024 13:41:33] "GET /website_slides/static/description/icon.png HTTP/1.1" 200 - 0 0.000 0.007
2024-02-08 13:41:33,890 6808 INFO ? werkzeug: 127.0.0.1 - - [08/Feb/2024 13:41:33] "GET /base/static/img/icons/sale_subscription.png HTTP/1.1" 200 - 0 0.000 0.008
2024-02-08 13:41:33,891 6808 INFO ? werkzeug: 127.0.0.1 - - [08/Feb/2024 13:41:33] "GET /base/static/img/icons/quality_control.png HTTP/1.1" 200 - 0 0.000 0.008
2024-02-08 13:41:33,891 6808 INFO ? werkzeug: 127.0.0.1 - - [08/Feb/2024 13:41:33] "GET /base/static/img/icons/planning.png HTTP/1.1" 200 - 0 0.000 0.008
2024-02-08 13:41:33,892 6808 INFO ? werkzeug: 127.0.0.1 - - [08/Feb/2024 13:41:33] "GET /website_event/static/description/icon.png HTTP/1.1" 200 - 0 0.000 0.007
2024-02-08 13:41:33,965 6808 INFO ? werkzeug: 127.0.0.1 - - [08/Feb/2024 13:41:33] "GET /mail/static/description/icon.png HTTP/1.1" 200 - 0 0.000 0.005
2024-02-08 13:41:34,218 6808 INFO ? werkzeug: 127.0.0.1 - - [08/Feb/2024 13:41:34] "GET /base/static/img/icons/mrp_plm.png HTTP/1.1" 200 - 0 0.000 0.008
2024-02-08 13:41:34,218 6808 INFO ? werkzeug: 127.0.0.1 - - [08/Feb/2024 13:41:34] "GET /base/static/img/icons/hr_appraisal.png HTTP/1.1" 200 - 0 0.000 0.005
2024-02-08 13:41:34,219 6808 INFO ? werkzeug: 127.0.0.1 - - [08/Feb/2024 13:41:34] "GET /contacts/static/description/icon.png HTTP/1.1" 200 - 0 0.000 0.009
2024-02-08 13:41:34,219 6808 INFO ? werkzeug: 127.0.0.1 - - [08/Feb/2024 13:41:34] "GET /base/static/img/icons/social.png HTTP/1.1" 200 - 0 0.000 0.007
2024-02-08 13:41:34,219 6808 INFO ? werkzeug: 127.0.0.1 - - [08/Feb/2024 13:41:34] "GET /calendar/static/description/icon.png HTTP/1.1" 200 - 0 0.000 0.008
2024-02-08 13:41:34,278 6808 INFO ? werkzeug: 127.0.0.1 - - [08/Feb/2024 13:41:34] "GET /fleet/static/description/icon.png HTTP/1.1" 200 - 0 0.000 0.005
2024-02-08 13:41:34,547 6808 INFO ? werkzeug: 127.0.0.1 - - [08/Feb/2024 13:41:34] "GET /base/static/img/icons/marketing_automation.png HTTP/1.1" 200 - 0 0.000 0.008
2024-02-08 13:41:34,548 6808 INFO ? werkzeug: 127.0.0.1 - - [08/Feb/2024 13:41:34] "GET /base/static/img/icons/web_mobile.png HTTP/1.1" 200 - 0 0.000 0.005
2024-02-08 13:41:34,548 6808 INFO ? werkzeug: 127.0.0.1 - - [08/Feb/2024 13:41:34] "GET /base/static/img/icons/appointment.png HTTP/1.1" 200 - 0 0.000 0.007
2024-02-08 13:41:34,548 6808 INFO ? werkzeug: 127.0.0.1 - - [08/Feb/2024 13:41:34] "GET /survey/static/description/icon.png HTTP/1.1" 200 - 0 0.000 0.006
2024-02-08 13:41:34,549 6808 INFO ? werkzeug: 127.0.0.1 - - [08/Feb/2024 13:41:34] "GET /im_livechat/static/description/icon.png HTTP/1.1" 200 - 0 0.000 0.009
2024-02-08 13:41:34,593 6808 INFO ? werkzeug: 127.0.0.1 - - [08/Feb/2024 13:41:34] "GET /repair/static/description/icon.png HTTP/1.1" 200 - 0 0.000 0.005
2024-02-08 13:41:34,867 6808 INFO ? werkzeug: 127.0.0.1 - - [08/Feb/2024 13:41:34] "GET /hr_skills/static/description/icon.png HTTP/1.1" 200 - 0 0.000 0.005
2024-02-08 13:41:34,867 6808 INFO ? werkzeug: 127.0.0.1 - - [08/Feb/2024 13:41:34] "GET /mass_mailing_sms/static/description/icon.png HTTP/1.1" 200 - 0 0.000 0.007
2024-02-08 13:41:34,867 6808 INFO ? werkzeug: 127.0.0.1 - - [08/Feb/2024 13:41:34] "GET /note/static/description/icon.png HTTP/1.1" 200 - 0 0.000 0.006
2024-02-08 13:41:34,867 6808 INFO ? werkzeug: 127.0.0.1 - - [08/Feb/2024 13:41:34] "GET /hr_attendance/static/description/icon.png HTTP/1.1" 200 - 0 0.000 0.008
2024-02-08 13:41:34,867 6808 INFO ? werkzeug: 127.0.0.1 - - [08/Feb/2024 13:41:34] "GET /base/static/img/icons/stock_barcode.png HTTP/1.1" 200 - 0 0.000 0.007
2024-02-08 13:41:34,912 6808 INFO ? werkzeug: 127.0.0.1 - - [08/Feb/2024 13:41:34] "GET /base/static/img/icons/voip.png HTTP/1.1" 200 - 0 0.000 0.006
2024-02-08 13:41:35,183 6808 INFO ? werkzeug: 127.0.0.1 - - [08/Feb/2024 13:41:35] "GET /website_hr_recruitment/static/description/icon.png HTTP/1.1" 200 - 0 0.000 0.008
2024-02-08 13:41:35,183 6808 INFO ? werkzeug: 127.0.0.1 - - [08/Feb/2024 13:41:35] "GET /base/static/img/icons/sale_ebay.png HTTP/1.1" 200 - 0 0.000 0.007
2024-02-08 13:41:35,183 6808 INFO ? werkzeug: 127.0.0.1 - - [08/Feb/2024 13:41:35] "GET /lunch/static/description/icon.png HTTP/1.1" 200 - 0 0.000 0.008
2024-02-08 13:41:35,183 6808 INFO ? werkzeug: 127.0.0.1 - - [08/Feb/2024 13:41:35] "GET /hr_contract/static/description/icon.png HTTP/1.1" 200 - 0 0.000 0.006
2024-02-08 13:57:00,559 6808 INFO procomdev werkzeug: 127.0.0.1 - - [08/Feb/2024 13:57:00] "GET / HTTP/1.1" 303 - 2 0.001 0.002
2024-02-08 13:57:00,819 6808 INFO procomdev werkzeug: 127.0.0.1 - - [08/Feb/2024 13:57:00] "GET /web HTTP/1.1" 200 - 9 0.008 0.004
2024-02-08 13:57:01,161 6808 INFO procomdev werkzeug: 127.0.0.1 - - [08/Feb/2024 13:57:01] "GET /bus/websocket_worker_bundle?v=1.0.5 HTTP/1.1" 304 - 4 0.000 0.006
2024-02-08 13:57:01,499 6808 INFO procomdev werkzeug: 127.0.0.1 - - [08/Feb/2024 13:57:01] "POST /web/action/load HTTP/1.1" 200 - 10 0.006 0.003
2024-02-08 13:57:01,512 6808 INFO procomdev werkzeug: 127.0.0.1 - - [08/Feb/2024 13:57:01] "GET /websocket HTTP/1.1" 101 - 1 0.000 0.003
2024-02-08 13:57:01,798 6808 INFO procomdev werkzeug: 127.0.0.1 - - [08/Feb/2024 13:57:01] "POST /web/dataset/call_kw/ir.module.module/get_views HTTP/1.1" 200 - 3 0.002 0.005
2024-02-08 13:57:01,814 6808 INFO procomdev werkzeug: 127.0.0.1 - - [08/Feb/2024 13:57:01] "GET /web/image?model=res.users&field=avatar_128&id=2 HTTP/1.1" 304 - 9 0.002 0.006
2024-02-08 13:57:02,122 6808 INFO procomdev werkzeug: 127.0.0.1 - - [08/Feb/2024 13:57:02] "POST /web/dataset/call_kw/ir.module.module/web_search_read HTTP/1.1" 200 - 3 0.001 0.004
2024-02-08 13:57:02,136 6808 INFO procomdev werkzeug: 127.0.0.1 - - [08/Feb/2024 13:57:02] "POST /web/dataset/call_kw/ir.module.module/search_panel_select_range HTTP/1.1" 200 - 37 0.013 0.006
2024-02-08 14:42:10,443 6808 INFO procomdev werkzeug: 127.0.0.1 - - [08/Feb/2024 14:42:10] "GET /web HTTP/1.1" 200 - 9 0.004 0.006
2024-02-08 14:42:10,720 6808 INFO procomdev werkzeug: 127.0.0.1 - - [08/Feb/2024 14:42:10] "POST /web/action/load HTTP/1.1" 200 - 10 0.013 0.010
2024-02-08 14:42:11,019 6808 INFO procomdev werkzeug: 127.0.0.1 - - [08/Feb/2024 14:42:11] "GET /web/image?model=res.users&field=avatar_128&id=2 HTTP/1.1" 304 - 9 0.004 0.004
2024-02-08 14:42:11,027 6808 INFO procomdev werkzeug: 127.0.0.1 - - [08/Feb/2024 14:42:11] "POST /web/dataset/call_kw/ir.module.module/get_views HTTP/1.1" 200 - 3 0.002 0.006
2024-02-08 14:42:11,032 6808 INFO procomdev werkzeug: 127.0.0.1 - - [08/Feb/2024 14:42:11] "GET /bus/websocket_worker_bundle?v=1.0.5 HTTP/1.1" 304 - 4 0.004 0.003
2024-02-08 14:42:11,343 6808 INFO procomdev werkzeug: 127.0.0.1 - - [08/Feb/2024 14:42:11] "GET /web/image/res.company/1/favicon HTTP/1.1" 304 - 5 0.000 0.005
2024-02-08 14:42:11,350 6808 INFO procomdev werkzeug: 127.0.0.1 - - [08/Feb/2024 14:42:11] "POST /web/dataset/call_kw/ir.module.module/web_search_read HTTP/1.1" 200 - 3 0.002 0.004
2024-02-08 14:42:11,352 6808 INFO procomdev werkzeug: 127.0.0.1 - - [08/Feb/2024 14:42:11] "GET /websocket HTTP/1.1" 101 - 1 0.001 0.006
2024-02-08 14:42:11,360 6808 INFO procomdev werkzeug: 127.0.0.1 - - [08/Feb/2024 14:42:11] "POST /web/dataset/call_kw/ir.module.module/search_panel_select_range HTTP/1.1" 200 - 37 0.015 0.006
